# JRE version: OpenJDK Runtime Environment (21.0.11+10) (build 21.0.11+10-1-24.04.2-Ubuntu)
# Java VM: OpenJDK 64-Bit Server VM (21.0.11+10-1-24.04.2-Ubuntu, mixed mode, sharing, tiered, compressed oops, compressed class ptrs, g1 gc, linux-amd64)
GC Precious Log:
 CardTable entry size: 512
 Card Set container configuration: InlinePtr #cards 4 size 8 Array Of Cards #cards 32 size 80 Howl #buckets 8 coarsen threshold 7372 Howl Bitmap #cards 1024 size 144 coarsen threshold 921 Card regions per heap region 1 cards per card region 8192
 CPUs: 8 total, 8 available
 Memory: 31955M
 Large Page Support: Disabled
 NUMA Support: Disabled
 Compressed Oops: Enabled (Zero based)
 Heap Region Size: 4M
 Heap Min Capacity: 8M
 Heap Initial Capacity: 500M
 Heap Max Capacity: 7992M
 Pre-touch: Disabled
 Parallel Workers: 8
 Concurrent Workers: 2
 Concurrent Refinement Workers: 8
 Periodic GC: Disabled
Heap:
 garbage-first heap   total 200704K, used 112652K [0x000000060c800000, 0x0000000800000000)
  region size 4096K, 14 young (57344K), 1 survivors (4096K)
 Metaspace       used 29493K, committed 30080K, reserved 1114112K
  class space    used 3163K, committed 3456K, reserved 1048576K
GC Heap History (9 events):
Event: 0.405 GC heap before
{Heap before GC invocations=0 (full 0):
 garbage-first heap   total 516096K, used 25649K [0x000000060c800000, 0x0000000800000000)
  region size 4096K, 6 young (24576K), 0 survivors (0K)
 Metaspace       used 5604K, committed 5760K, reserved 1114112K
  class space    used 641K, committed 704K, reserved 1048576K
}
Event: 0.408 GC heap after
{Heap after GC invocations=1 (full 0):
 garbage-first heap   total 516096K, used 4255K [0x000000060c800000, 0x0000000800000000)
  region size 4096K, 1 young (4096K), 1 survivors (4096K)
 Metaspace       used 5604K, committed 5760K, reserved 1114112K
  class space    used 641K, committed 704K, reserved 1048576K
}
Event: 1.012 GC heap before
{Heap before GC invocations=1 (full 0):
 garbage-first heap   total 516096K, used 37023K [0x000000060c800000, 0x0000000800000000)
  region size 4096K, 9 young (36864K), 1 survivors (4096K)
 Metaspace       used 12425K, committed 12672K, reserved 1114112K
  class space    used 1472K, committed 1600K, reserved 1048576K
}
Event: 1.019 GC heap after
{Heap after GC invocations=2 (full 0):
 garbage-first heap   total 516096K, used 7087K [0x000000060c800000, 0x0000000800000000)
  region size 4096K, 2 young (8192K), 2 survivors (8192K)
 Metaspace       used 12425K, committed 12672K, reserved 1114112K
  class space    used 1472K, committed 1600K, reserved 1048576K
}
Event: 4.325 GC heap before
{Heap before GC invocations=2 (full 0):
 garbage-first heap   total 516096K, used 273327K [0x000000060c800000, 0x0000000800000000)
  region size 4096K, 69 young (282624K), 2 survivors (8192K)
 Metaspace       used 21102K, committed 21504K, reserved 1114112K
  class space    used 2303K, committed 2496K, reserved 1048576K
}
Event: 4.373 GC heap after
{Heap after GC invocations=3 (full 0):
 garbage-first heap   total 516096K, used 35805K [0x000000060c800000, 0x0000000800000000)
  region size 4096K, 9 young (36864K), 9 survivors (36864K)
 Metaspace       used 21102K, committed 21504K, reserved 1114112K
  class space    used 2303K, committed 2496K, reserved 1048576K
}
Event: 6.521 GC heap before
{Heap before GC invocations=4 (full 0):
 garbage-first heap   total 139264K, used 134109K [0x000000060c800000, 0x0000000800000000)
  region size 4096K, 33 young (135168K), 9 survivors (36864K)
 Metaspace       used 27225K, committed 27712K, reserved 1114112K
  class space    used 2891K, committed 3072K, reserved 1048576K
}
Event: 6.563 GC heap after
{Heap after GC invocations=5 (full 0):
 garbage-first heap   total 200704K, used 59404K [0x000000060c800000, 0x0000000800000000)
  region size 4096K, 7 young (28672K), 7 survivors (28672K)
 Metaspace       used 27225K, committed 27712K, reserved 1114112K
  class space    used 2891K, committed 3072K, reserved 1048576K
}
Event: 7.078 GC heap before
{Heap before GC invocations=5 (full 0):
 garbage-first heap   total 200704K, used 112652K [0x000000060c800000, 0x0000000800000000)
  region size 4096K, 20 young (81920K), 7 survivors (28672K)
 Metaspace       used 29493K, committed 30080K, reserved 1114112K
  class space    used 3163K, committed 3456K, reserved 1048576K
}

