# JRE version: OpenJDK Runtime Environment (21.0.11+10) (build 21.0.11+10-1-24.04.2-Ubuntu)
# Java VM: OpenJDK 64-Bit Server VM (21.0.11+10-1-24.04.2-Ubuntu, mixed mode, sharing, tiered, compressed oops, compressed class ptrs, g1 gc, linux-amd64)
GC Precious Log:
 CardTable entry size: 512
 Card Set container configuration: InlinePtr #cards 4 size 8 Array Of Cards #cards 32 size 80 Howl #buckets 8 coarsen threshold 7372 Howl Bitmap #cards 1024 size 144 coarsen threshold 921 Card regions per heap region 1 cards per card region 8192
 CPUs: 8 total, 8 available
 Memory: 31955M
 Large Page Support: Disabled
 NUMA Support: Disabled
 Compressed Oops: Enabled (Zero based)
 Heap Region Size: 4M
 Heap Min Capacity: 8M
 Heap Initial Capacity: 500M
 Heap Max Capacity: 7992M
 Pre-touch: Disabled
 Parallel Workers: 8
 Concurrent Workers: 2
 Concurrent Refinement Workers: 8
 Periodic GC: Disabled
Heap:
 garbage-first heap   total 192512K, used 71194K [0x000000060c800000, 0x0000000800000000)
  region size 4096K, 3 young (12288K), 2 survivors (8192K)
 Metaspace       used 35918K, committed 36544K, reserved 1114112K
  class space    used 4019K, committed 4288K, reserved 1048576K
GC Heap History (20 events):
Event: 0.481 GC heap before
{Heap before GC invocations=0 (full 0):
 garbage-first heap   total 516096K, used 25649K [0x000000060c800000, 0x0000000800000000)
  region size 4096K, 6 young (24576K), 0 survivors (0K)
 Metaspace       used 5623K, committed 5760K, reserved 1114112K
  class space    used 641K, committed 704K, reserved 1048576K
}
Event: 0.485 GC heap after
{Heap after GC invocations=1 (full 0):
 garbage-first heap   total 516096K, used 4139K [0x000000060c800000, 0x0000000800000000)
  region size 4096K, 1 young (4096K), 1 survivors (4096K)
 Metaspace       used 5623K, committed 5760K, reserved 1114112K
  class space    used 641K, committed 704K, reserved 1048576K
}
Event: 1.214 GC heap before
{Heap before GC invocations=1 (full 0):
 garbage-first heap   total 516096K, used 36907K [0x000000060c800000, 0x0000000800000000)
  region size 4096K, 9 young (36864K), 1 survivors (4096K)
 Metaspace       used 12427K, committed 12672K, reserved 1114112K
  class space    used 1472K, committed 1600K, reserved 1048576K
}
Event: 1.228 GC heap after
{Heap after GC invocations=2 (full 0):
 garbage-first heap   total 516096K, used 7132K [0x000000060c800000, 0x0000000800000000)
  region size 4096K, 2 young (8192K), 2 survivors (8192K)
 Metaspace       used 12427K, committed 12672K, reserved 1114112K
  class space    used 1472K, committed 1600K, reserved 1048576K
}
Event: 4.437 GC heap before
{Heap before GC invocations=2 (full 0):
 garbage-first heap   total 516096K, used 256988K [0x000000060c800000, 0x0000000800000000)
  region size 4096K, 64 young (262144K), 2 survivors (8192K)
 Metaspace       used 19471K, committed 19904K, reserved 1114112K
  class space    used 2067K, committed 2304K, reserved 1048576K
}
Event: 4.469 GC heap after
{Heap after GC invocations=3 (full 0):
 garbage-first heap   total 516096K, used 25649K [0x000000060c800000, 0x0000000800000000)
  region size 4096K, 6 young (24576K), 6 survivors (24576K)
 Metaspace       used 19471K, committed 19904K, reserved 1114112K
  class space    used 2067K, committed 2304K, reserved 1048576K
}
Event: 4.834 GC heap before
{Heap before GC invocations=3 (full 0):
 garbage-first heap   total 516096K, used 37937K [0x000000060c800000, 0x0000000800000000)
  region size 4096K, 10 young (40960K), 6 survivors (24576K)
 Metaspace       used 21096K, committed 21504K, reserved 1114112K
  class space    used 2305K, committed 2496K, reserved 1048576K
}
Event: 4.908 GC heap after
{Heap after GC invocations=4 (full 0):
 garbage-first heap   total 516096K, used 35805K [0x000000060c800000, 0x0000000800000000)
  region size 4096K, 3 young (12288K), 3 survivors (12288K)
 Metaspace       used 21096K, committed 21504K, reserved 1114112K
  class space    used 2305K, committed 2496K, reserved 1048576K
}
Event: 6.904 GC heap before
{Heap before GC invocations=5 (full 0):
 garbage-first heap   total 139264K, used 117725K [0x000000060c800000, 0x0000000800000000)
  region size 4096K, 23 young (94208K), 3 survivors (12288K)
 Metaspace       used 26446K, committed 26816K, reserved 1114112K
  class space    used 2848K, committed 3008K, reserved 1048576K
}
Event: 6.946 GC heap after
{Heap after GC invocations=6 (full 0):
 garbage-first heap   total 155648K, used 58339K [0x000000060c800000, 0x0000000800000000)
  region size 4096K, 3 young (12288K), 3 survivors (12288K)
 Metaspace       used 26446K, committed 26816K, reserved 1114112K
  class space    used 2848K, committed 3008K, reserved 1048576K
}
Event: 7.496 GC heap before
{Heap before GC invocations=6 (full 0):
 garbage-first heap   total 155648K, used 95203K [0x000000060c800000, 0x0000000800000000)
  region size 4096K, 12 young (49152K), 3 survivors (12288K)
 Metaspace       used 28333K, committed 28800K, reserved 1114112K
  class space    used 3032K, committed 3264K, reserved 1048576K
}
Event: 7.523 GC heap after
{Heap after GC invocations=7 (full 0):
 garbage-first heap   total 155648K, used 62718K [0x000000060c800000, 0x0000000800000000)
  region size 4096K, 1 young (4096K), 1 survivors (4096K)
 Metaspace       used 28333K, committed 28800K, reserved 1114112K
  class space    used 3032K, committed 3264K, reserved 1048576K
}
Event: 8.042 GC heap before
{Heap before GC invocations=7 (full 0):
 garbage-first heap   total 155648K, used 115966K [0x000000060c800000, 0x0000000800000000)
  region size 4096K, 14 young (57344K), 1 survivors (4096K)
 Metaspace       used 29762K, committed 30336K, reserved 1114112K
  class space    used 3192K, committed 3456K, reserved 1048576K
}
Event: 8.051 GC heap after
{Heap after GC invocations=8 (full 0):
 garbage-first heap   total 155648K, used 63949K [0x000000060c800000, 0x0000000800000000)
  region size 4096K, 2 young (8192K), 2 survivors (8192K)
 Metaspace       used 29762K, committed 30336K, reserved 1114112K
  class space    used 3192K, committed 3456K, reserved 1048576K
}
Event: 8.826 GC heap before
{Heap before GC invocations=8 (full 0):
 garbage-first heap   total 155648K, used 117197K [0x000000060c800000, 0x0000000800000000)
  region size 4096K, 15 young (61440K), 2 survivors (8192K)
 Metaspace       used 29987K, committed 30592K, reserved 1114112K
  class space    used 3207K, committed 3520K, reserved 1048576K
}
Event: 8.846 GC heap after
{Heap after GC invocations=9 (full 0):
 garbage-first heap   total 192512K, used 66713K [0x000000060c800000, 0x0000000800000000)
  region size 4096K, 2 young (8192K), 2 survivors (8192K)
 Metaspace       used 29987K, committed 30592K, reserved 1114112K
  class space    used 3207K, committed 3520K, reserved 1048576K
}
Event: 10.405 GC heap before
{Heap before GC invocations=9 (full 0):
 garbage-first heap   total 192512K, used 144537K [0x000000060c800000, 0x0000000800000000)
  region size 4096K, 21 young (86016K), 2 survivors (8192K)
 Metaspace       used 35535K, committed 36160K, reserved 1114112K
  class space    used 3979K, committed 4288K, reserved 1048576K
}
Event: 10.424 GC heap after
{Heap after GC invocations=10 (full 0):
 garbage-first heap   total 192512K, used 70456K [0x000000060c800000, 0x0000000800000000)
  region size 4096K, 3 young (12288K), 3 survivors (12288K)
 Metaspace       used 35535K, committed 36160K, reserved 1114112K
  class space    used 3979K, committed 4288K, reserved 1048576K
}
Event: 10.454 GC heap before
{Heap before GC invocations=10 (full 0):
 garbage-first heap   total 192512K, used 70456K [0x000000060c800000, 0x0000000800000000)
  region size 4096K, 4 young (16384K), 3 survivors (12288K)
 Metaspace       used 35685K, committed 36288K, reserved 1114112K
  class space    used 3999K, committed 4288K, reserved 1048576K
}
Event: 10.460 GC heap after
{Heap after GC invocations=11 (full 0):
 garbage-first heap   total 192512K, used 71194K [0x000000060c800000, 0x0000000800000000)
  region size 4096K, 2 young (8192K), 2 survivors (8192K)
 Metaspace       used 35685K, committed 36288K, reserved 1114112K
  class space    used 3999K, committed 4288K, reserved 1048576K
}

