# JRE version: OpenJDK Runtime Environment (21.0.11+10) (build 21.0.11+10-1-24.04.2-Ubuntu)
# Java VM: OpenJDK 64-Bit Server VM (21.0.11+10-1-24.04.2-Ubuntu, mixed mode, emulated-client, sharing, tiered, compressed oops, compressed class ptrs, g1 gc, linux-amd64)
GC Precious Log:
 CardTable entry size: 512
 Card Set container configuration: InlinePtr #cards 4 size 8 Array Of Cards #cards 32 size 80 Howl #buckets 8 coarsen threshold 7372 Howl Bitmap #cards 1024 size 144 coarsen threshold 921 Card regions per heap region 1 cards per card region 8192
 CPUs: 8 total, 8 available
 Memory: 31955M
 Large Page Support: Disabled
 NUMA Support: Disabled
 Compressed Oops: Enabled (Zero based)
 Heap Region Size: 4M
 Heap Min Capacity: 8M
 Heap Initial Capacity: 500M
 Heap Max Capacity: 7992M
 Pre-touch: Disabled
 Parallel Workers: 8
 Concurrent Workers: 2
 Concurrent Refinement Workers: 8
 Periodic GC: Disabled
Heap:
 garbage-first heap   total 274432K, used 102809K [0x000000060c800000, 0x0000000800000000)
  region size 4096K, 6 young (24576K), 3 survivors (12288K)
 Metaspace       used 86409K, committed 87168K, reserved 1179648K
  class space    used 12652K, committed 12992K, reserved 1048576K
GC Heap History (20 events):
Event: 4.383 GC heap before
{Heap before GC invocations=9 (full 0):
 garbage-first heap   total 122880K, used 116838K [0x000000060c800000, 0x0000000800000000)
  region size 4096K, 24 young (98304K), 3 survivors (12288K)
 Metaspace       used 52433K, committed 53120K, reserved 1114112K
  class space    used 7202K, committed 7488K, reserved 1048576K
}
Event: 4.400 GC heap after
{Heap after GC invocations=10 (full 0):
 garbage-first heap   total 139264K, used 36332K [0x000000060c800000, 0x0000000800000000)
  region size 4096K, 4 young (16384K), 4 survivors (16384K)
 Metaspace       used 52433K, committed 53120K, reserved 1114112K
  class space    used 7202K, committed 7488K, reserved 1048576K
}
Event: 4.729 GC heap before
{Heap before GC invocations=10 (full 0):
 garbage-first heap   total 139264K, used 69100K [0x000000060c800000, 0x0000000800000000)
  region size 4096K, 13 young (53248K), 4 survivors (16384K)
 Metaspace       used 57982K, committed 58560K, reserved 1114112K
  class space    used 8122K, committed 8384K, reserved 1048576K
}
Event: 4.752 GC heap after
{Heap after GC invocations=11 (full 0):
 garbage-first heap   total 139264K, used 38049K [0x000000060c800000, 0x0000000800000000)
  region size 4096K, 3 young (12288K), 3 survivors (12288K)
 Metaspace       used 57982K, committed 58560K, reserved 1114112K
  class space    used 8122K, committed 8384K, reserved 1048576K
}
Event: 4.762 GC heap before
{Heap before GC invocations=11 (full 0):
 garbage-first heap   total 139264K, used 38049K [0x000000060c800000, 0x0000000800000000)
  region size 4096K, 4 young (16384K), 3 survivors (12288K)
 Metaspace       used 58296K, committed 58880K, reserved 1114112K
  class space    used 8159K, committed 8384K, reserved 1048576K
}
Event: 4.772 GC heap after
{Heap after GC invocations=12 (full 0):
 garbage-first heap   total 172032K, used 37398K [0x000000060c800000, 0x0000000800000000)
  region size 4096K, 1 young (4096K), 1 survivors (4096K)
 Metaspace       used 58296K, committed 58880K, reserved 1114112K
  class space    used 8159K, committed 8384K, reserved 1048576K
}
Event: 5.923 GC heap before
{Heap before GC invocations=13 (full 0):
 garbage-first heap   total 151552K, used 123414K [0x000000060c800000, 0x0000000800000000)
  region size 4096K, 22 young (90112K), 1 survivors (4096K)
 Metaspace       used 71047K, committed 71744K, reserved 1114112K
  class space    used 10136K, committed 10432K, reserved 1048576K
}
Event: 5.931 GC heap after
{Heap after GC invocations=14 (full 0):
 garbage-first heap   total 151552K, used 42398K [0x000000060c800000, 0x0000000800000000)
  region size 4096K, 2 young (8192K), 2 survivors (8192K)
 Metaspace       used 71047K, committed 71744K, reserved 1114112K
  class space    used 10136K, committed 10432K, reserved 1048576K
}
Event: 6.829 GC heap before
{Heap before GC invocations=14 (full 0):
 garbage-first heap   total 151552K, used 124318K [0x000000060c800000, 0x0000000800000000)
  region size 4096K, 22 young (90112K), 2 survivors (8192K)
 Metaspace       used 77586K, committed 78336K, reserved 1179648K
  class space    used 11067K, committed 11392K, reserved 1048576K
}
Event: 6.845 GC heap after
{Heap after GC invocations=15 (full 0):
 garbage-first heap   total 151552K, used 45403K [0x000000060c800000, 0x0000000800000000)
  region size 4096K, 3 young (12288K), 3 survivors (12288K)
 Metaspace       used 77586K, committed 78336K, reserved 1179648K
  class space    used 11067K, committed 11392K, reserved 1048576K
}
Event: 7.423 GC heap before
{Heap before GC invocations=15 (full 0):
 garbage-first heap   total 151552K, used 119131K [0x000000060c800000, 0x0000000800000000)
  region size 4096K, 22 young (90112K), 3 survivors (12288K)
 Metaspace       used 84032K, committed 84800K, reserved 1179648K
  class space    used 12241K, committed 12544K, reserved 1048576K
}
Event: 7.442 GC heap after
{Heap after GC invocations=16 (full 0):
 garbage-first heap   total 151552K, used 54756K [0x000000060c800000, 0x0000000800000000)
  region size 4096K, 3 young (12288K), 3 survivors (12288K)
 Metaspace       used 84032K, committed 84800K, reserved 1179648K
  class space    used 12241K, committed 12544K, reserved 1048576K
}
Event: 7.626 GC heap before
{Heap before GC invocations=16 (full 0):
 garbage-first heap   total 151552K, used 128484K [0x000000060c800000, 0x0000000800000000)
  region size 4096K, 21 young (86016K), 3 survivors (12288K)
 Metaspace       used 84032K, committed 84800K, reserved 1179648K
  class space    used 12241K, committed 12544K, reserved 1048576K
}
Event: 7.663 GC heap after
{Heap after GC invocations=17 (full 0):
 garbage-first heap   total 172032K, used 82476K [0x000000060c800000, 0x0000000800000000)
  region size 4096K, 3 young (12288K), 3 survivors (12288K)
 Metaspace       used 84032K, committed 84800K, reserved 1179648K
  class space    used 12241K, committed 12544K, reserved 1048576K
}
Event: 7.817 GC heap before
{Heap before GC invocations=18 (full 0):
 garbage-first heap   total 172032K, used 135724K [0x000000060c800000, 0x0000000800000000)
  region size 4096K, 16 young (65536K), 3 survivors (12288K)
 Metaspace       used 84032K, committed 84800K, reserved 1179648K
  class space    used 12241K, committed 12544K, reserved 1048576K
}
Event: 7.829 GC heap after
{Heap after GC invocations=19 (full 0):
 garbage-first heap   total 172032K, used 88315K [0x000000060c800000, 0x0000000800000000)
  region size 4096K, 1 young (4096K), 1 survivors (4096K)
 Metaspace       used 84032K, committed 84800K, reserved 1179648K
  class space    used 12241K, committed 12544K, reserved 1048576K
}
Event: 7.955 GC heap before
{Heap before GC invocations=19 (full 0):
 garbage-first heap   total 172032K, used 137467K [0x000000060c800000, 0x0000000800000000)
  region size 4096K, 13 young (53248K), 1 survivors (4096K)
 Metaspace       used 84205K, committed 84992K, reserved 1179648K
  class space    used 12342K, committed 12672K, reserved 1048576K
}
Event: 7.962 GC heap after
{Heap after GC invocations=20 (full 0):
 garbage-first heap   total 274432K, used 89458K [0x000000060c800000, 0x0000000800000000)
  region size 4096K, 1 young (4096K), 1 survivors (4096K)
 Metaspace       used 84205K, committed 84992K, reserved 1179648K
  class space    used 12342K, committed 12672K, reserved 1048576K
}
Event: 8.824 GC heap before
{Heap before GC invocations=20 (full 0):
 garbage-first heap   total 274432K, used 212338K [0x000000060c800000, 0x0000000800000000)
  region size 4096K, 31 young (126976K), 1 survivors (4096K)
 Metaspace       used 86195K, committed 86976K, reserved 1179648K
  class space    used 12639K, committed 12992K, reserved 1048576K
}
Event: 8.833 GC heap after
{Heap after GC invocations=21 (full 0):
 garbage-first heap   total 274432K, used 94617K [0x000000060c800000, 0x0000000800000000)
  region size 4096K, 3 young (12288K), 3 survivors (12288K)
 Metaspace       used 86195K, committed 86976K, reserved 1179648K
  class space    used 12639K, committed 12992K, reserved 1048576K
}

