# JRE version: OpenJDK Runtime Environment (21.0.11+10) (build 21.0.11+10-1-24.04.2-Ubuntu)
# Java VM: OpenJDK 64-Bit Server VM (21.0.11+10-1-24.04.2-Ubuntu, mixed mode, sharing, tiered, compressed oops, compressed class ptrs, g1 gc, linux-amd64)
GC Precious Log:
 CardTable entry size: 512
 Card Set container configuration: InlinePtr #cards 4 size 8 Array Of Cards #cards 32 size 80 Howl #buckets 8 coarsen threshold 7372 Howl Bitmap #cards 1024 size 144 coarsen threshold 921 Card regions per heap region 1 cards per card region 8192
 CPUs: 8 total, 8 available
 Memory: 31955M
 Large Page Support: Disabled
 NUMA Support: Disabled
 Compressed Oops: Enabled (Zero based)
 Heap Region Size: 4M
 Heap Min Capacity: 8M
 Heap Initial Capacity: 500M
 Heap Max Capacity: 7992M
 Pre-touch: Disabled
 Parallel Workers: 8
 Concurrent Workers: 2
 Concurrent Refinement Workers: 8
 Periodic GC: Disabled
Heap:
 garbage-first heap   total 172032K, used 62332K [0x000000060c800000, 0x0000000800000000)
  region size 4096K, 2 young (8192K), 1 survivors (4096K)
 Metaspace       used 27673K, committed 28096K, reserved 1114112K
  class space    used 2941K, committed 3136K, reserved 1048576K
GC Heap History (11 events):
Event: 1.328 GC heap before
{Heap before GC invocations=0 (full 0):
 garbage-first heap   total 516096K, used 25649K [0x000000060c800000, 0x0000000800000000)
  region size 4096K, 6 young (24576K), 0 survivors (0K)
 Metaspace       used 5602K, committed 5760K, reserved 1114112K
  class space    used 641K, committed 704K, reserved 1048576K
}
Event: 1.374 GC heap after
{Heap after GC invocations=1 (full 0):
 garbage-first heap   total 516096K, used 4183K [0x000000060c800000, 0x0000000800000000)
  region size 4096K, 1 young (4096K), 1 survivors (4096K)
 Metaspace       used 5602K, committed 5760K, reserved 1114112K
  class space    used 641K, committed 704K, reserved 1048576K
}
Event: 2.630 GC heap before
{Heap before GC invocations=1 (full 0):
 garbage-first heap   total 516096K, used 32855K [0x000000060c800000, 0x0000000800000000)
  region size 4096K, 8 young (32768K), 1 survivors (4096K)
 Metaspace       used 11408K, committed 11712K, reserved 1114112K
  class space    used 1365K, committed 1472K, reserved 1048576K
}
Event: 2.636 GC heap after
{Heap after GC invocations=2 (full 0):
 garbage-first heap   total 516096K, used 6637K [0x000000060c800000, 0x0000000800000000)
  region size 4096K, 1 young (4096K), 1 survivors (4096K)
 Metaspace       used 11408K, committed 11712K, reserved 1114112K
  class space    used 1365K, committed 1472K, reserved 1048576K
}
Event: 9.601 GC heap before
{Heap before GC invocations=2 (full 0):
 garbage-first heap   total 516096K, used 260589K [0x000000060c800000, 0x0000000800000000)
  region size 4096K, 64 young (262144K), 1 survivors (4096K)
 Metaspace       used 19439K, committed 19840K, reserved 1114112K
  class space    used 2066K, committed 2240K, reserved 1048576K
}
Event: 9.685 GC heap after
{Heap after GC invocations=3 (full 0):
 garbage-first heap   total 516096K, used 29562K [0x000000060c800000, 0x0000000800000000)
  region size 4096K, 7 young (28672K), 7 survivors (28672K)
 Metaspace       used 19439K, committed 19840K, reserved 1114112K
  class space    used 2066K, committed 2240K, reserved 1048576K
}
Event: 10.259 GC heap before
{Heap before GC invocations=3 (full 0):
 garbage-first heap   total 516096K, used 45946K [0x000000060c800000, 0x0000000800000000)
  region size 4096K, 12 young (49152K), 7 survivors (28672K)
 Metaspace       used 21166K, committed 21504K, reserved 1114112K
  class space    used 2302K, committed 2496K, reserved 1048576K
}
Event: 10.324 GC heap after
{Heap after GC invocations=4 (full 0):
 garbage-first heap   total 516096K, used 35624K [0x000000060c800000, 0x0000000800000000)
  region size 4096K, 3 young (12288K), 3 survivors (12288K)
 Metaspace       used 21166K, committed 21504K, reserved 1114112K
  class space    used 2302K, committed 2496K, reserved 1048576K
}
Event: 13.742 GC heap before
{Heap before GC invocations=5 (full 0):
 garbage-first heap   total 139264K, used 133928K [0x000000060c800000, 0x0000000800000000)
  region size 4096K, 27 young (110592K), 3 survivors (12288K)
 Metaspace       used 27412K, committed 27840K, reserved 1114112K
  class space    used 2917K, committed 3136K, reserved 1048576K
}
Event: 13.800 GC heap after
{Heap after GC invocations=6 (full 0):
 garbage-first heap   total 172032K, used 58236K [0x000000060c800000, 0x0000000800000000)
  region size 4096K, 8 young (32768K), 8 survivors (32768K)
 Metaspace       used 27412K, committed 27840K, reserved 1114112K
  class space    used 2917K, committed 3136K, reserved 1048576K
}
Event: 13.924 GC heap before
{Heap before GC invocations=6 (full 0):
 garbage-first heap   total 172032K, used 62332K [0x000000060c800000, 0x0000000800000000)
  region size 4096K, 9 young (36864K), 8 survivors (32768K)
 Metaspace       used 27673K, committed 28096K, reserved 1114112K
  class space    used 2941K, committed 3136K, reserved 1048576K
}

