# JRE version: OpenJDK Runtime Environment (21.0.11+10) (build 21.0.11+10-1-24.04.2-Ubuntu)
# Java VM: OpenJDK 64-Bit Server VM (21.0.11+10-1-24.04.2-Ubuntu, mixed mode, emulated-client, sharing, tiered, compressed oops, compressed class ptrs, g1 gc, linux-amd64)
Heap:
 garbage-first heap   total 208896K, used 171243K [0x000000060c800000, 0x0000000800000000)
  region size 4096K, 24 young (98304K), 3 survivors (12288K)
 Metaspace       used 85798K, committed 86592K, reserved 1179648K
  class space    used 12453K, committed 12800K, reserved 1048576K
GC Heap History (20 events):
Event: 2.663 GC heap before
{Heap before GC invocations=7 (full 0):
 garbage-first heap   total 315392K, used 31459K [0x000000060c800000, 0x0000000800000000)
  region size 4096K, 5 young (20480K), 4 survivors (16384K)
 Metaspace       used 32396K, committed 32768K, reserved 1114112K
  class space    used 4494K, committed 4672K, reserved 1048576K
}
Event: 2.670 GC heap after
{Heap after GC invocations=8 (full 0):
 garbage-first heap   total 315392K, used 31667K [0x000000060c800000, 0x0000000800000000)
  region size 4096K, 3 young (12288K), 3 survivors (12288K)
 Metaspace       used 32396K, committed 32768K, reserved 1114112K
  class space    used 4494K, committed 4672K, reserved 1048576K
}
Event: 3.372 GC heap before
{Heap before GC invocations=9 (full 0):
 garbage-first heap   total 122880K, used 93107K [0x000000060c800000, 0x0000000800000000)
  region size 4096K, 18 young (73728K), 3 survivors (12288K)
 Metaspace       used 41144K, committed 41728K, reserved 1114112K
  class space    used 5705K, committed 5952K, reserved 1048576K
}
Event: 3.387 GC heap after
{Heap after GC invocations=10 (full 0):
 garbage-first heap   total 122880K, used 36199K [0x000000060c800000, 0x0000000800000000)
  region size 4096K, 3 young (12288K), 3 survivors (12288K)
 Metaspace       used 41144K, committed 41728K, reserved 1114112K
  class space    used 5705K, committed 5952K, reserved 1048576K
}
Event: 4.209 GC heap before
{Heap before GC invocations=10 (full 0):
 garbage-first heap   total 122880K, used 93543K [0x000000060c800000, 0x0000000800000000)
  region size 4096K, 17 young (69632K), 3 survivors (12288K)
 Metaspace       used 54147K, committed 54720K, reserved 1114112K
  class space    used 7391K, committed 7616K, reserved 1048576K
}
Event: 4.224 GC heap after
{Heap after GC invocations=11 (full 0):
 garbage-first heap   total 122880K, used 39971K [0x000000060c800000, 0x0000000800000000)
  region size 4096K, 3 young (12288K), 3 survivors (12288K)
 Metaspace       used 54147K, committed 54720K, reserved 1114112K
  class space    used 7391K, committed 7616K, reserved 1048576K
}
Event: 4.244 GC heap before
{Heap before GC invocations=11 (full 0):
 garbage-first heap   total 122880K, used 39971K [0x000000060c800000, 0x0000000800000000)
  region size 4096K, 4 young (16384K), 3 survivors (12288K)
 Metaspace       used 54555K, committed 55168K, reserved 1114112K
  class space    used 7459K, committed 7744K, reserved 1048576K
}
Event: 4.258 GC heap after
{Heap after GC invocations=12 (full 0):
 garbage-first heap   total 319488K, used 40114K [0x000000060c800000, 0x0000000800000000)
  region size 4096K, 1 young (4096K), 1 survivors (4096K)
 Metaspace       used 54555K, committed 55168K, reserved 1114112K
  class space    used 7459K, committed 7744K, reserved 1048576K
}
Event: 5.149 GC heap before
{Heap before GC invocations=13 (full 0):
 garbage-first heap   total 151552K, used 126130K [0x000000060c800000, 0x0000000800000000)
  region size 4096K, 22 young (90112K), 1 survivors (4096K)
 Metaspace       used 65625K, committed 66304K, reserved 1114112K
  class space    used 9179K, committed 9472K, reserved 1048576K
}
Event: 5.162 GC heap after
{Heap after GC invocations=14 (full 0):
 garbage-first heap   total 151552K, used 47839K [0x000000060c800000, 0x0000000800000000)
  region size 4096K, 3 young (12288K), 3 survivors (12288K)
 Metaspace       used 65625K, committed 66304K, reserved 1114112K
  class space    used 9179K, committed 9472K, reserved 1048576K
}
Event: 5.753 GC heap before
{Heap before GC invocations=14 (full 0):
 garbage-first heap   total 151552K, used 125663K [0x000000060c800000, 0x0000000800000000)
  region size 4096K, 22 young (90112K), 3 survivors (12288K)
 Metaspace       used 72879K, committed 73600K, reserved 1114112K
  class space    used 10338K, committed 10688K, reserved 1048576K
}
Event: 5.767 GC heap after
{Heap after GC invocations=15 (full 0):
 garbage-first heap   total 151552K, used 50707K [0x000000060c800000, 0x0000000800000000)
  region size 4096K, 1 young (4096K), 1 survivors (4096K)
 Metaspace       used 72879K, committed 73600K, reserved 1114112K
  class space    used 10338K, committed 10688K, reserved 1048576K
}
Event: 6.061 GC heap before
{Heap before GC invocations=15 (full 0):
 garbage-first heap   total 151552K, used 128531K [0x000000060c800000, 0x0000000800000000)
  region size 4096K, 20 young (81920K), 1 survivors (4096K)
 Metaspace       used 73482K, committed 74176K, reserved 1114112K
  class space    used 10392K, committed 10752K, reserved 1048576K
}
Event: 6.064 GC heap after
{Heap after GC invocations=16 (full 0):
 garbage-first heap   total 151552K, used 50569K [0x000000060c800000, 0x0000000800000000)
  region size 4096K, 1 young (4096K), 1 survivors (4096K)
 Metaspace       used 73482K, committed 74176K, reserved 1114112K
  class space    used 10392K, committed 10752K, reserved 1048576K
}
Event: 6.495 GC heap before
{Heap before GC invocations=16 (full 0):
 garbage-first heap   total 151552K, used 120201K [0x000000060c800000, 0x0000000800000000)
  region size 4096K, 19 young (77824K), 1 survivors (4096K)
 Metaspace       used 76643K, committed 77376K, reserved 1179648K
  class space    used 10850K, committed 11200K, reserved 1048576K
}
Event: 6.501 GC heap after
{Heap after GC invocations=17 (full 0):
 garbage-first heap   total 151552K, used 53703K [0x000000060c800000, 0x0000000800000000)
  region size 4096K, 2 young (8192K), 2 survivors (8192K)
 Metaspace       used 76643K, committed 77376K, reserved 1179648K
  class space    used 10850K, committed 11200K, reserved 1048576K
}
Event: 7.124 GC heap before
{Heap before GC invocations=18 (full 0):
 garbage-first heap   total 151552K, used 131527K [0x000000060c800000, 0x0000000800000000)
  region size 4096K, 21 young (86016K), 2 survivors (8192K)
 Metaspace       used 85786K, committed 86528K, reserved 1179648K
  class space    used 12452K, committed 12800K, reserved 1048576K
}
Event: 7.137 GC heap after
{Heap after GC invocations=19 (full 0):
 garbage-first heap   total 151552K, used 60996K [0x000000060c800000, 0x0000000800000000)
  region size 4096K, 3 young (12288K), 3 survivors (12288K)
 Metaspace       used 85786K, committed 86528K, reserved 1179648K
  class space    used 12452K, committed 12800K, reserved 1048576K
}
Event: 7.334 GC heap before
{Heap before GC invocations=19 (full 0):
 garbage-first heap   total 151552K, used 130628K [0x000000060c800000, 0x0000000800000000)
  region size 4096K, 20 young (81920K), 3 survivors (12288K)
 Metaspace       used 85788K, committed 86528K, reserved 1179648K
  class space    used 12452K, committed 12800K, reserved 1048576K
}
Event: 7.380 GC heap after
{Heap after GC invocations=20 (full 0):
 garbage-first heap   total 208896K, used 85227K [0x000000060c800000, 0x0000000800000000)
  region size 4096K, 3 young (12288K), 3 survivors (12288K)
 Metaspace       used 85788K, committed 86528K, reserved 1179648K
  class space    used 12452K, committed 12800K, reserved 1048576K
}

