# JRE version: OpenJDK Runtime Environment (21.0.11+10) (build 21.0.11+10-1-24.04.2-Ubuntu)
# Java VM: OpenJDK 64-Bit Server VM (21.0.11+10-1-24.04.2-Ubuntu, mixed mode, sharing, tiered, compressed oops, compressed class ptrs, g1 gc, linux-amd64)
GC Precious Log:
 CardTable entry size: 512
 Card Set container configuration: InlinePtr #cards 4 size 8 Array Of Cards #cards 32 size 80 Howl #buckets 8 coarsen threshold 7372 Howl Bitmap #cards 1024 size 144 coarsen threshold 921 Card regions per heap region 1 cards per card region 8192
 CPUs: 8 total, 8 available
 Memory: 31955M
 Large Page Support: Disabled
 NUMA Support: Disabled
 Compressed Oops: Enabled (Zero based)
 Heap Region Size: 4M
 Heap Min Capacity: 8M
 Heap Initial Capacity: 500M
 Heap Max Capacity: 7992M
 Pre-touch: Disabled
 Parallel Workers: 8
 Concurrent Workers: 2
 Concurrent Refinement Workers: 8
 Periodic GC: Disabled
Heap:
 garbage-first heap   total 192512K, used 72125K [0x000000060c800000, 0x0000000800000000)
  region size 4096K, 4 young (16384K), 3 survivors (12288K)
 Metaspace       used 35763K, committed 36352K, reserved 1114112K
  class space    used 4015K, committed 4288K, reserved 1048576K
GC Heap History (18 events):
Event: 0.687 GC heap before
{Heap before GC invocations=0 (full 0):
 garbage-first heap   total 516096K, used 25649K [0x000000060c800000, 0x0000000800000000)
  region size 4096K, 6 young (24576K), 0 survivors (0K)
 Metaspace       used 5617K, committed 5760K, reserved 1114112K
  class space    used 641K, committed 704K, reserved 1048576K
}
Event: 0.690 GC heap after
{Heap after GC invocations=1 (full 0):
 garbage-first heap   total 516096K, used 4213K [0x000000060c800000, 0x0000000800000000)
  region size 4096K, 1 young (4096K), 1 survivors (4096K)
 Metaspace       used 5617K, committed 5760K, reserved 1114112K
  class space    used 641K, committed 704K, reserved 1048576K
}
Event: 1.933 GC heap before
{Heap before GC invocations=1 (full 0):
 garbage-first heap   total 516096K, used 36981K [0x000000060c800000, 0x0000000800000000)
  region size 4096K, 9 young (36864K), 1 survivors (4096K)
 Metaspace       used 12434K, committed 12736K, reserved 1114112K
  class space    used 1471K, committed 1600K, reserved 1048576K
}
Event: 1.951 GC heap after
{Heap after GC invocations=2 (full 0):
 garbage-first heap   total 516096K, used 7044K [0x000000060c800000, 0x0000000800000000)
  region size 4096K, 2 young (8192K), 2 survivors (8192K)
 Metaspace       used 12434K, committed 12736K, reserved 1114112K
  class space    used 1471K, committed 1600K, reserved 1048576K
}
Event: 6.074 GC heap before
{Heap before GC invocations=2 (full 0):
 garbage-first heap   total 516096K, used 260996K [0x000000060c800000, 0x0000000800000000)
  region size 4096K, 65 young (266240K), 2 survivors (8192K)
 Metaspace       used 19726K, committed 20160K, reserved 1114112K
  class space    used 2099K, committed 2304K, reserved 1048576K
}
Event: 6.135 GC heap after
{Heap after GC invocations=3 (full 0):
 garbage-first heap   total 516096K, used 25440K [0x000000060c800000, 0x0000000800000000)
  region size 4096K, 6 young (24576K), 6 survivors (24576K)
 Metaspace       used 19726K, committed 20160K, reserved 1114112K
  class space    used 2099K, committed 2304K, reserved 1048576K
}
Event: 6.640 GC heap before
{Heap before GC invocations=3 (full 0):
 garbage-first heap   total 516096K, used 37728K [0x000000060c800000, 0x0000000800000000)
  region size 4096K, 10 young (40960K), 6 survivors (24576K)
 Metaspace       used 21085K, committed 21504K, reserved 1114112K
  class space    used 2297K, committed 2496K, reserved 1048576K
}
Event: 6.700 GC heap after
{Heap after GC invocations=4 (full 0):
 garbage-first heap   total 516096K, used 36351K [0x000000060c800000, 0x0000000800000000)
  region size 4096K, 3 young (12288K), 3 survivors (12288K)
 Metaspace       used 21085K, committed 21504K, reserved 1114112K
  class space    used 2297K, committed 2496K, reserved 1048576K
}
Event: 9.005 GC heap before
{Heap before GC invocations=5 (full 0):
 garbage-first heap   total 139264K, used 118271K [0x000000060c800000, 0x0000000800000000)
  region size 4096K, 23 young (94208K), 3 survivors (12288K)
 Metaspace       used 26422K, committed 26816K, reserved 1114112K
  class space    used 2849K, committed 3008K, reserved 1048576K
}
Event: 9.049 GC heap after
{Heap after GC invocations=6 (full 0):
 garbage-first heap   total 159744K, used 59547K [0x000000060c800000, 0x0000000800000000)
  region size 4096K, 3 young (12288K), 3 survivors (12288K)
 Metaspace       used 26422K, committed 26816K, reserved 1114112K
  class space    used 2849K, committed 3008K, reserved 1048576K
}
Event: 9.842 GC heap before
{Heap before GC invocations=6 (full 0):
 garbage-first heap   total 159744K, used 100507K [0x000000060c800000, 0x0000000800000000)
  region size 4096K, 13 young (53248K), 3 survivors (12288K)
 Metaspace       used 28623K, committed 29120K, reserved 1114112K
  class space    used 3069K, committed 3264K, reserved 1048576K
}
Event: 9.875 GC heap after
{Heap after GC invocations=7 (full 0):
 garbage-first heap   total 159744K, used 64218K [0x000000060c800000, 0x0000000800000000)
  region size 4096K, 1 young (4096K), 1 survivors (4096K)
 Metaspace       used 28623K, committed 29120K, reserved 1114112K
  class space    used 3069K, committed 3264K, reserved 1048576K
}
Event: 10.741 GC heap before
{Heap before GC invocations=7 (full 0):
 garbage-first heap   total 159744K, used 117466K [0x000000060c800000, 0x0000000800000000)
  region size 4096K, 14 young (57344K), 1 survivors (4096K)
 Metaspace       used 29829K, committed 30400K, reserved 1114112K
  class space    used 3202K, committed 3456K, reserved 1048576K
}
Event: 10.748 GC heap after
{Heap after GC invocations=8 (full 0):
 garbage-first heap   total 192512K, used 65296K [0x000000060c800000, 0x0000000800000000)
  region size 4096K, 2 young (8192K), 2 survivors (8192K)
 Metaspace       used 29829K, committed 30400K, reserved 1114112K
  class space    used 3202K, committed 3456K, reserved 1048576K
}
Event: 11.436 GC heap before
{Heap before GC invocations=8 (full 0):
 garbage-first heap   total 192512K, used 143120K [0x000000060c800000, 0x0000000800000000)
  region size 4096K, 21 young (86016K), 2 survivors (8192K)
 Metaspace       used 30012K, committed 30656K, reserved 1114112K
  class space    used 3211K, committed 3520K, reserved 1048576K
}
Event: 11.445 GC heap after
{Heap after GC invocations=9 (full 0):
 garbage-first heap   total 192512K, used 69246K [0x000000060c800000, 0x0000000800000000)
  region size 4096K, 3 young (12288K), 3 survivors (12288K)
 Metaspace       used 30012K, committed 30656K, reserved 1114112K
  class space    used 3211K, committed 3520K, reserved 1048576K
}
Event: 12.594 GC heap before
{Heap before GC invocations=9 (full 0):
 garbage-first heap   total 192512K, used 118398K [0x000000060c800000, 0x0000000800000000)
  region size 4096K, 16 young (65536K), 3 survivors (12288K)
 Metaspace       used 35745K, committed 36288K, reserved 1114112K
  class space    used 4015K, committed 4288K, reserved 1048576K
}
Event: 12.678 GC heap after
{Heap after GC invocations=10 (full 0):
 garbage-first heap   total 192512K, used 72125K [0x000000060c800000, 0x0000000800000000)
  region size 4096K, 3 young (12288K), 3 survivors (12288K)
 Metaspace       used 35745K, committed 36288K, reserved 1114112K
  class space    used 4015K, committed 4288K, reserved 1048576K
}

